[debug] [2026-02-15T22:39:04.303Z] ----------------------------------------------------------------------
[debug] [2026-02-15T22:39:04.304Z] Command:       C:\Program Files\nodejs\node.exe C:\Users\COMPUMARTS\AppData\Roaming\npm\node_modules\firebase-tools\lib\bin\firebase.js init
[debug] [2026-02-15T22:39:04.305Z] CLI Version:   15.6.0
[debug] [2026-02-15T22:39:04.305Z] Platform:      win32
[debug] [2026-02-15T22:39:04.305Z] Node Version:  v25.2.1
[debug] [2026-02-15T22:39:04.305Z] Time:          Mon Feb 16 2026 00:39:04 GMT+0200 (Eastern European Standard Time)
[debug] [2026-02-15T22:39:04.305Z] ----------------------------------------------------------------------
[debug] 
[info] 
     ######## #### ########  ######## ########     ###     ######  ########
     ##        ##  ##     ## ##       ##     ##  ##   ##  ##       ##
     ######    ##  ########  ######   ########  #########  ######  ######
     ##        ##  ##    ##  ##       ##     ## ##     ##       ## ##
     ##       #### ##     ## ######## ########  ##     ##  ######  ########

You're about to initialize a Firebase project in this directory:

  D:\My Codes\Skeleton

[info] 
=== Project Setup
[info] 
[info] First, let's associate this project directory with a Firebase project.
[info] You can create multiple project aliases by running firebase use --add, 
[info] 
[info] i  If you want to create a project in a Google Cloud organization or folder, please use "firebase projects:create" instead, and return to this command when you've created the project. 
[debug] [2026-02-15T22:39:18.605Z] > command requires scopes: ["email","openid","https://www.googleapis.com/auth/cloudplatformprojects.readonly","https://www.googleapis.com/auth/firebase","https://www.googleapis.com/auth/cloud-platform"]
[debug] [2026-02-15T22:39:18.605Z] > authorizing via signed-in user (carftmod@gmail.com)
[debug] [2026-02-15T22:39:49.534Z] Checked if tokens are valid: true, expires at: 1771198636416
[debug] [2026-02-15T22:39:49.534Z] Checked if tokens are valid: true, expires at: 1771198636416
[debug] [2026-02-15T22:39:49.535Z] >>> [apiv2][query] POST https://firebase.googleapis.com/v1/projects:checkProjectId [none]
[debug] [2026-02-15T22:39:49.535Z] >>> [apiv2][body] POST https://firebase.googleapis.com/v1/projects:checkProjectId {"proposedId":"skeleton"}
[debug] [2026-02-15T22:39:50.118Z] <<< [apiv2][status] POST https://firebase.googleapis.com/v1/projects:checkProjectId 200
[debug] [2026-02-15T22:39:50.118Z] <<< [apiv2][body] POST https://firebase.googleapis.com/v1/projects:checkProjectId {"projectIdStatus":"PROJECT_ID_UNAVAILABLE","suggestedProjectId":"skeleton-cd39a"}
[debug] [2026-02-15T22:40:03.074Z] Checked if tokens are valid: true, expires at: 1771198636416
[debug] [2026-02-15T22:40:03.074Z] Checked if tokens are valid: true, expires at: 1771198636416
[debug] [2026-02-15T22:40:03.075Z] >>> [apiv2][query] POST https://firebase.googleapis.com/v1/projects:checkProjectId [none]
[debug] [2026-02-15T22:40:03.075Z] >>> [apiv2][body] POST https://firebase.googleapis.com/v1/projects:checkProjectId {"proposedId":"fallen-skeleton"}
[debug] [2026-02-15T22:40:03.548Z] <<< [apiv2][status] POST https://firebase.googleapis.com/v1/projects:checkProjectId 200
[debug] [2026-02-15T22:40:03.548Z] <<< [apiv2][body] POST https://firebase.googleapis.com/v1/projects:checkProjectId {"projectIdStatus":"PROJECT_ID_AVAILABLE","suggestedProjectId":"fallen-skeleton"}
[debug] [2026-02-15T22:40:19.332Z] Checked if tokens are valid: true, expires at: 1771198636416
[debug] [2026-02-15T22:40:19.332Z] Checked if tokens are valid: true, expires at: 1771198636416
[debug] [2026-02-15T22:40:19.332Z] >>> [apiv2][query] POST https://cloudresourcemanager.googleapis.com/v1/projects [none]
[debug] [2026-02-15T22:40:19.332Z] >>> [apiv2][body] POST https://cloudresourcemanager.googleapis.com/v1/projects {"projectId":"fallen-skeleton","name":"skeleton-portfolio"}
[debug] [2026-02-15T22:40:20.286Z] <<< [apiv2][status] POST https://cloudresourcemanager.googleapis.com/v1/projects 200
[debug] [2026-02-15T22:40:20.286Z] <<< [apiv2][body] POST https://cloudresourcemanager.googleapis.com/v1/projects {"name":"operations/create_project.global.7061277801054350989"}
[debug] [2026-02-15T22:40:20.286Z] Checked if tokens are valid: true, expires at: 1771198636416
[debug] [2026-02-15T22:40:20.286Z] Checked if tokens are valid: true, expires at: 1771198636416
[debug] [2026-02-15T22:40:20.287Z] >>> [apiv2][query] GET https://cloudresourcemanager.googleapis.com/v1/operations/create_project.global.7061277801054350989 [none]
[debug] [2026-02-15T22:40:20.981Z] <<< [apiv2][status] GET https://cloudresourcemanager.googleapis.com/v1/operations/create_project.global.7061277801054350989 200
[debug] [2026-02-15T22:40:20.981Z] <<< [apiv2][body] GET https://cloudresourcemanager.googleapis.com/v1/operations/create_project.global.7061277801054350989 {"name":"operations/create_project.global.7061277801054350989","metadata":{"@type":"type.googleapis.com/google.cloudresourcemanager.v1.ProjectCreationStatus","ready":true},"done":true,"error":{"code":9,"message":"Callers must accept Terms of Service","details":[{"@type":"type.googleapis.com/google.rpc.PreconditionFailure","violations":[{"type":"TOS","subject":"cloud","description":"Callers must accept Terms of Service"}]}]}}
[debug] [2026-02-15T22:40:20.983Z] FirebaseError: Callers must accept Terms of Service
    at OperationPoller.poll (C:\Users\COMPUMARTS\AppData\Roaming\npm\node_modules\firebase-tools\lib\operation-poller.js:25:19)
    at process.processTicksAndRejections (node:internal/process/task_queues:103:5)
    at async createCloudProject (C:\Users\COMPUMARTS\AppData\Roaming\npm\node_modules\firebase-tools\lib\management\projects.js:237:29)
    at async createFirebaseProjectAndLog (C:\Users\COMPUMARTS\AppData\Roaming\npm\node_modules\firebase-tools\lib\management\projects.js:102:9)
    at async Object.doSetup (C:\Users\COMPUMARTS\AppData\Roaming\npm\node_modules\firebase-tools\lib\init\features\project.js:64:24)
    at async init (C:\Users\COMPUMARTS\AppData\Roaming\npm\node_modules\firebase-tools\lib\init\index.js:92:13)
    at async Command.initAction [as actionFn] (C:\Users\COMPUMARTS\AppData\Roaming\npm\node_modules\firebase-tools\lib\commands\init.js:231:5)
[error] 
[error] Error: Failed to create project. See firebase-debug.log for more info.
